[2022-11-28 12:28:49] Текст ошибки: Call to a member function prepare() on null | Файл: D:\domains\saleek\vendor\core\Db.php | Строка: 21
====================
[2022-11-28 12:28:57] Текст ошибки: Call to a member function prepare() on null | Файл: D:\domains\saleek\vendor\core\Db.php | Строка: 21
====================
[2022-11-28 12:29:13] Текст ошибки: Call to a member function prepare() on null | Файл: D:\domains\saleek\vendor\core\Db.php | Строка: 19
====================
[2022-11-28 12:29:14] Текст ошибки: Call to a member function prepare() on null | Файл: D:\domains\saleek\vendor\core\Db.php | Строка: 19
====================
[2022-11-28 12:30:00] Текст ошибки: Access to undeclared static property core\Db::$db | Файл: D:\domains\saleek\vendor\core\Db.php | Строка: 19
====================
[2022-11-28 12:30:08] Текст ошибки: Call to a member function prepare() on null | Файл: D:\domains\saleek\vendor\core\Db.php | Строка: 19
====================
[2022-11-28 12:32:39] Текст ошибки: Call to a member function prepare() on null | Файл: D:\domains\saleek\vendor\core\Db.php | Строка: 19
====================
[2022-11-28 12:32:40] Текст ошибки: Call to a member function prepare() on null | Файл: D:\domains\saleek\vendor\core\Db.php | Строка: 19
====================
[2022-11-28 12:32:57] Текст ошибки: Call to a member function prepare() on null | Файл: D:\domains\saleek\vendor\core\Db.php | Строка: 19
====================
[2022-11-28 12:33:10] Текст ошибки: Call to a member function prepare() on null | Файл: D:\domains\saleek\vendor\core\Db.php | Строка: 19
====================
[2022-11-28 12:33:11] Текст ошибки: Call to a member function prepare() on null | Файл: D:\domains\saleek\vendor\core\Db.php | Строка: 19
====================
[2022-11-28 18:11:58] Текст ошибки: foreach() argument must be of type array|object, string given | Файл: D:\domains\saleek\vendor\core\Db.php | Строка: 23
====================
[2022-11-28 18:11:58] Текст ошибки: SQLSTATE[42000]: Syntax error or access violation: 1064 You have an error in your SQL syntax; check the manual that corresponds to your MariaDB server version for the right syntax to use near '? ORDER BY id  LIMIT 6' at line 1 | Файл: D:\domains\saleek\vendor\core\Db.php | Строка: 32
====================
[2022-11-28 18:14:27] Текст ошибки: SQLSTATE[42000]: Syntax error or access violation: 1064 You have an error in your SQL syntax; check the manual that corresponds to your MariaDB server version for the right syntax to use near '? ORDER BY id  LIMIT 6' at line 1 | Файл: D:\domains\saleek\vendor\core\Db.php | Строка: 34
====================
[2022-11-28 18:18:47] Текст ошибки: SQLSTATE[HY093]: Invalid parameter number: parameter was not defined | Файл: D:\domains\saleek\vendor\core\Db.php | Строка: 41
====================
[2022-11-28 18:18:47] Текст ошибки: Uncaught TypeError: http_response_code(): Argument #1 ($response_code) must be of type int, string given in D:\domains\saleek\vendor\core\ErrorHandler.php:59
Stack trace:
#0 D:\domains\saleek\vendor\core\ErrorHandler.php(59): http_response_code()
#1 D:\domains\saleek\vendor\core\ErrorHandler.php(23): core\ErrorHandler->displayError()
#2 [internal function]: core\ErrorHandler->exceptionHandler()
#3 {main}
  thrown | Файл: D:\domains\saleek\vendor\core\ErrorHandler.php | Строка: 59
====================
[2022-11-28 18:19:45] Текст ошибки: SQLSTATE[HY093]: Invalid parameter number: parameter was not defined | Файл: D:\domains\saleek\vendor\core\Db.php | Строка: 41
====================
[2022-11-28 18:19:45] Текст ошибки: Uncaught TypeError: http_response_code(): Argument #1 ($response_code) must be of type int, string given in D:\domains\saleek\vendor\core\ErrorHandler.php:59
Stack trace:
#0 D:\domains\saleek\vendor\core\ErrorHandler.php(59): http_response_code()
#1 D:\domains\saleek\vendor\core\ErrorHandler.php(23): core\ErrorHandler->displayError()
#2 [internal function]: core\ErrorHandler->exceptionHandler()
#3 {main}
  thrown | Файл: D:\domains\saleek\vendor\core\ErrorHandler.php | Строка: 59
====================
[2022-11-28 18:19:46] Текст ошибки: SQLSTATE[HY093]: Invalid parameter number: parameter was not defined | Файл: D:\domains\saleek\vendor\core\Db.php | Строка: 41
====================
[2022-11-28 18:19:46] Текст ошибки: Uncaught TypeError: http_response_code(): Argument #1 ($response_code) must be of type int, string given in D:\domains\saleek\vendor\core\ErrorHandler.php:59
Stack trace:
#0 D:\domains\saleek\vendor\core\ErrorHandler.php(59): http_response_code()
#1 D:\domains\saleek\vendor\core\ErrorHandler.php(23): core\ErrorHandler->displayError()
#2 [internal function]: core\ErrorHandler->exceptionHandler()
#3 {main}
  thrown | Файл: D:\domains\saleek\vendor\core\ErrorHandler.php | Строка: 59
====================
[2022-11-28 18:21:19] Текст ошибки: SQLSTATE[HY093]: Invalid parameter number: parameter was not defined | Файл: D:\domains\saleek\vendor\core\Db.php | Строка: 41
====================
[2022-11-28 18:21:19] Текст ошибки: Uncaught TypeError: http_response_code(): Argument #1 ($response_code) must be of type int, string given in D:\domains\saleek\vendor\core\ErrorHandler.php:59
Stack trace:
#0 D:\domains\saleek\vendor\core\ErrorHandler.php(59): http_response_code()
#1 D:\domains\saleek\vendor\core\ErrorHandler.php(23): core\ErrorHandler->displayError()
#2 [internal function]: core\ErrorHandler->exceptionHandler()
#3 {main}
  thrown | Файл: D:\domains\saleek\vendor\core\ErrorHandler.php | Строка: 59
====================
[2022-11-30 15:33:40] Текст ошибки: Undefined property: core\Registry::$getProperty | Файл: D:\domains\saleek\app\widgets\menu\Menu.php | Строка: 23
====================
[2022-11-30 15:33:40] Текст ошибки: Trying to access array offset on value of type null | Файл: D:\domains\saleek\app\widgets\menu\Menu.php | Строка: 23
====================
[2022-11-30 15:33:53] Текст ошибки: Undefined property: core\Registry::$getProperty | Файл: D:\domains\saleek\app\widgets\menu\Menu.php | Строка: 23
====================
[2022-11-30 15:33:53] Текст ошибки: Trying to access array offset on value of type null | Файл: D:\domains\saleek\app\widgets\menu\Menu.php | Строка: 23
====================
[2022-11-30 15:33:55] Текст ошибки: Undefined property: core\Registry::$getProperty | Файл: D:\domains\saleek\app\widgets\menu\Menu.php | Строка: 23
====================
[2022-11-30 15:33:55] Текст ошибки: Trying to access array offset on value of type null | Файл: D:\domains\saleek\app\widgets\menu\Menu.php | Строка: 23
====================
[2022-11-30 15:33:57] Текст ошибки: Undefined property: core\Registry::$getProperty | Файл: D:\domains\saleek\app\widgets\menu\Menu.php | Строка: 23
====================
[2022-11-30 15:33:57] Текст ошибки: Trying to access array offset on value of type null | Файл: D:\domains\saleek\app\widgets\menu\Menu.php | Строка: 23
====================
[2022-11-30 15:34:59] Текст ошибки: Undefined property: core\Registry::$getProperty | Файл: D:\domains\saleek\app\widgets\menu\Menu.php | Строка: 23
====================
[2022-11-30 15:34:59] Текст ошибки: Trying to access array offset on value of type null | Файл: D:\domains\saleek\app\widgets\menu\Menu.php | Строка: 23
====================
[2022-11-30 15:35:06] Текст ошибки: Undefined property: core\Registry::$getProperty | Файл: D:\domains\saleek\app\widgets\menu\Menu.php | Строка: 23
====================
[2022-11-30 15:35:06] Текст ошибки: Trying to access array offset on value of type null | Файл: D:\domains\saleek\app\widgets\menu\Menu.php | Строка: 23
====================
[2022-11-30 15:35:19] Текст ошибки: Undefined property: core\Registry::$getProperty | Файл: D:\domains\saleek\app\widgets\menu\Menu.php | Строка: 23
====================
[2022-11-30 15:35:19] Текст ошибки: Trying to access array offset on value of type null | Файл: D:\domains\saleek\app\widgets\menu\Menu.php | Строка: 23
====================
[2022-11-30 15:50:39] Текст ошибки: Array to string conversion | Файл: D:\domains\saleek\app\widgets\menu\Menu.php | Строка: 43
====================
[2022-11-30 16:07:00] Текст ошибки: SQLSTATE[42S22]: Column not found: 1054 Unknown column 'cd.category_description' in 'on clause' | Файл: D:\domains\saleek\vendor\core\Db.php | Строка: 41
====================
[2022-11-30 16:07:00] Текст ошибки: Uncaught TypeError: http_response_code(): Argument #1 ($response_code) must be of type int, string given in D:\domains\saleek\vendor\core\ErrorHandler.php:59
Stack trace:
#0 D:\domains\saleek\vendor\core\ErrorHandler.php(59): http_response_code()
#1 D:\domains\saleek\vendor\core\ErrorHandler.php(23): core\ErrorHandler->displayError()
#2 [internal function]: core\ErrorHandler->exceptionHandler()
#3 {main}
  thrown | Файл: D:\domains\saleek\vendor\core\ErrorHandler.php | Строка: 59
====================
[2022-11-30 16:07:39] Текст ошибки: SQLSTATE[42S22]: Column not found: 1054 Unknown column 'cd.category_description' in 'on clause' | Файл: D:\domains\saleek\vendor\core\Db.php | Строка: 41
====================
[2022-11-30 16:07:39] Текст ошибки: Uncaught TypeError: http_response_code(): Argument #1 ($response_code) must be of type int, string given in D:\domains\saleek\vendor\core\ErrorHandler.php:59
Stack trace:
#0 D:\domains\saleek\vendor\core\ErrorHandler.php(59): http_response_code()
#1 D:\domains\saleek\vendor\core\ErrorHandler.php(23): core\ErrorHandler->displayError()
#2 [internal function]: core\ErrorHandler->exceptionHandler()
#3 {main}
  thrown | Файл: D:\domains\saleek\vendor\core\ErrorHandler.php | Строка: 59
====================
[2022-11-30 16:07:40] Текст ошибки: SQLSTATE[42S22]: Column not found: 1054 Unknown column 'cd.category_description' in 'on clause' | Файл: D:\domains\saleek\vendor\core\Db.php | Строка: 41
====================
[2022-11-30 16:07:40] Текст ошибки: Uncaught TypeError: http_response_code(): Argument #1 ($response_code) must be of type int, string given in D:\domains\saleek\vendor\core\ErrorHandler.php:59
Stack trace:
#0 D:\domains\saleek\vendor\core\ErrorHandler.php(59): http_response_code()
#1 D:\domains\saleek\vendor\core\ErrorHandler.php(23): core\ErrorHandler->displayError()
#2 [internal function]: core\ErrorHandler->exceptionHandler()
#3 {main}
  thrown | Файл: D:\domains\saleek\vendor\core\ErrorHandler.php | Строка: 59
====================
[2022-11-30 16:07:50] Текст ошибки: SQLSTATE[42000]: Syntax error or access violation: 1064 You have an error in your SQL syntax; check the manual that corresponds to your MariaDB server version for the right syntax to use near '. JOIN category_description cd. ON c.id = cd.category_description' at line 1 | Файл: D:\domains\saleek\vendor\core\Db.php | Строка: 41
====================
[2022-11-30 16:08:18] Текст ошибки: SQLSTATE[42000]: Syntax error or access violation: 1064 You have an error in your SQL syntax; check the manual that corresponds to your MariaDB server version for the right syntax to use near ' cd* FROM category c. JOIN category_description cd. ON c.id = cd.category_descri' at line 1 | Файл: D:\domains\saleek\vendor\core\Db.php | Строка: 41
====================
[2022-11-30 16:08:26] Текст ошибки: SQLSTATE[42000]: Syntax error or access violation: 1064 You have an error in your SQL syntax; check the manual that corresponds to your MariaDB server version for the right syntax to use near ' cd* FROM category c JOIN category_description cd ON c.id = cd.category_descript' at line 1 | Файл: D:\domains\saleek\vendor\core\Db.php | Строка: 41
====================
[2022-11-30 16:08:43] Текст ошибки: SQLSTATE[42000]: Syntax error or access violation: 1064 You have an error in your SQL syntax; check the manual that corresponds to your MariaDB server version for the right syntax to use near 'FROM category c JOIN category_description cd ON c.id = cd.category_description' at line 1 | Файл: D:\domains\saleek\vendor\core\Db.php | Строка: 41
====================
[2022-11-30 16:08:59] Текст ошибки: SQLSTATE[42000]: Syntax error or access violation: 1064 You have an error in your SQL syntax; check the manual that corresponds to your MariaDB server version for the right syntax to use near 'cd.* FROM category c JOIN category_description cd ON c.id = cd.category_descript' at line 1 | Файл: D:\domains\saleek\vendor\core\Db.php | Строка: 41
====================
[2022-11-30 16:09:55] Текст ошибки: SQLSTATE[42000]: Syntax error or access violation: 1064 You have an error in your SQL syntax; check the manual that corresponds to your MariaDB server version for the right syntax to use near 'cd.* FROM category c JOIN category_description cd ON c.id = cd.category_id' at line 1 | Файл: D:\domains\saleek\vendor\core\Db.php | Строка: 41
====================
[2022-11-30 16:13:43] Текст ошибки: SQLSTATE[HY093]: Invalid parameter number: number of bound variables does not match number of tokens | Файл: D:\domains\saleek\vendor\core\Db.php | Строка: 41
====================
[2022-11-30 16:13:43] Текст ошибки: Uncaught TypeError: http_response_code(): Argument #1 ($response_code) must be of type int, string given in D:\domains\saleek\vendor\core\ErrorHandler.php:59
Stack trace:
#0 D:\domains\saleek\vendor\core\ErrorHandler.php(59): http_response_code()
#1 D:\domains\saleek\vendor\core\ErrorHandler.php(23): core\ErrorHandler->displayError()
#2 [internal function]: core\ErrorHandler->exceptionHandler()
#3 {main}
  thrown | Файл: D:\domains\saleek\vendor\core\ErrorHandler.php | Строка: 59
====================
[2022-12-01 11:09:21] Текст ошибки: Undefined array key "parent_id" | Файл: D:\domains\saleek\app\widgets\menu\Menu.php | Строка: 62
====================
[2022-12-01 11:09:21] Текст ошибки: Undefined array key "parent_id" | Файл: D:\domains\saleek\app\widgets\menu\Menu.php | Строка: 62
====================
[2022-12-01 11:09:21] Текст ошибки: Undefined array key "parent_id" | Файл: D:\domains\saleek\app\widgets\menu\Menu.php | Строка: 62
====================
[2022-12-01 11:09:21] Текст ошибки: Undefined array key "parent_id" | Файл: D:\domains\saleek\app\widgets\menu\Menu.php | Строка: 62
====================
[2022-12-01 11:09:21] Текст ошибки: Undefined array key "parent_id" | Файл: D:\domains\saleek\app\widgets\menu\Menu.php | Строка: 62
====================
[2022-12-01 11:09:21] Текст ошибки: Undefined array key "parent_id" | Файл: D:\domains\saleek\app\widgets\menu\Menu.php | Строка: 62
====================
[2022-12-01 11:09:21] Текст ошибки: Undefined array key "parent_id" | Файл: D:\domains\saleek\app\widgets\menu\Menu.php | Строка: 62
====================
[2022-12-01 11:09:21] Текст ошибки: Undefined array key "parent_id" | Файл: D:\domains\saleek\app\widgets\menu\Menu.php | Строка: 62
====================
[2022-12-01 11:09:21] Текст ошибки: Undefined array key "parent_id" | Файл: D:\domains\saleek\app\widgets\menu\Menu.php | Строка: 62
====================
[2022-12-01 11:09:21] Текст ошибки: Undefined array key "parent_id" | Файл: D:\domains\saleek\app\widgets\menu\Menu.php | Строка: 62
====================
[2022-12-01 11:09:21] Текст ошибки: Undefined array key "parent_id" | Файл: D:\domains\saleek\app\widgets\menu\Menu.php | Строка: 62
====================
[2022-12-01 11:09:21] Текст ошибки: Undefined array key "parent_id" | Файл: D:\domains\saleek\app\widgets\menu\Menu.php | Строка: 62
====================
[2022-12-01 11:09:21] Текст ошибки: Undefined array key "parent_id" | Файл: D:\domains\saleek\app\widgets\menu\Menu.php | Строка: 62
====================
[2022-12-01 11:09:21] Текст ошибки: Undefined array key "parent_id" | Файл: D:\domains\saleek\app\widgets\menu\Menu.php | Строка: 62
====================
[2022-12-01 11:09:21] Текст ошибки: Undefined array key "parent_id" | Файл: D:\domains\saleek\app\widgets\menu\Menu.php | Строка: 62
====================
[2022-12-01 11:09:21] Текст ошибки: Undefined array key "parent_id" | Файл: D:\domains\saleek\app\widgets\menu\Menu.php | Строка: 62
====================
[2022-12-01 11:09:21] Текст ошибки: Undefined array key "parent_id" | Файл: D:\domains\saleek\app\widgets\menu\Menu.php | Строка: 62
====================
[2022-12-01 11:09:21] Текст ошибки: Undefined array key "parent_id" | Файл: D:\domains\saleek\app\widgets\menu\Menu.php | Строка: 62
====================
[2022-12-01 11:09:21] Текст ошибки: Undefined array key "parent_id" | Файл: D:\domains\saleek\app\widgets\menu\Menu.php | Строка: 59
====================
[2022-12-01 11:10:02] Текст ошибки: Undefined array key "parent_id" | Файл: D:\domains\saleek\app\widgets\menu\Menu.php | Строка: 62
====================
[2022-12-01 11:10:02] Текст ошибки: Undefined array key "parent_id" | Файл: D:\domains\saleek\app\widgets\menu\Menu.php | Строка: 62
====================
[2022-12-01 11:10:02] Текст ошибки: Undefined array key "parent_id" | Файл: D:\domains\saleek\app\widgets\menu\Menu.php | Строка: 62
====================
[2022-12-01 11:10:02] Текст ошибки: Undefined array key "parent_id" | Файл: D:\domains\saleek\app\widgets\menu\Menu.php | Строка: 62
====================
[2022-12-01 11:10:02] Текст ошибки: Undefined array key "parent_id" | Файл: D:\domains\saleek\app\widgets\menu\Menu.php | Строка: 62
====================
[2022-12-01 11:10:02] Текст ошибки: Undefined array key "parent_id" | Файл: D:\domains\saleek\app\widgets\menu\Menu.php | Строка: 62
====================
[2022-12-01 11:10:02] Текст ошибки: Undefined array key "parent_id" | Файл: D:\domains\saleek\app\widgets\menu\Menu.php | Строка: 62
====================
[2022-12-01 11:10:02] Текст ошибки: Undefined array key "parent_id" | Файл: D:\domains\saleek\app\widgets\menu\Menu.php | Строка: 62
====================
[2022-12-01 11:10:02] Текст ошибки: Undefined array key "parent_id" | Файл: D:\domains\saleek\app\widgets\menu\Menu.php | Строка: 62
====================
[2022-12-01 11:10:02] Текст ошибки: Undefined array key "parent_id" | Файл: D:\domains\saleek\app\widgets\menu\Menu.php | Строка: 62
====================
[2022-12-01 11:10:02] Текст ошибки: Undefined array key "parent_id" | Файл: D:\domains\saleek\app\widgets\menu\Menu.php | Строка: 62
====================
[2022-12-01 11:10:02] Текст ошибки: Undefined array key "parent_id" | Файл: D:\domains\saleek\app\widgets\menu\Menu.php | Строка: 62
====================
[2022-12-01 11:10:02] Текст ошибки: Undefined array key "parent_id" | Файл: D:\domains\saleek\app\widgets\menu\Menu.php | Строка: 62
====================
[2022-12-01 11:10:02] Текст ошибки: Undefined array key "parent_id" | Файл: D:\domains\saleek\app\widgets\menu\Menu.php | Строка: 62
====================
[2022-12-01 11:10:02] Текст ошибки: Undefined array key "parent_id" | Файл: D:\domains\saleek\app\widgets\menu\Menu.php | Строка: 62
====================
[2022-12-01 11:10:02] Текст ошибки: Undefined array key "parent_id" | Файл: D:\domains\saleek\app\widgets\menu\Menu.php | Строка: 62
====================
[2022-12-01 11:10:02] Текст ошибки: Undefined array key "parent_id" | Файл: D:\domains\saleek\app\widgets\menu\Menu.php | Строка: 62
====================
[2022-12-01 11:10:02] Текст ошибки: Undefined array key "parent_id" | Файл: D:\domains\saleek\app\widgets\menu\Menu.php | Строка: 62
====================
[2022-12-01 11:10:02] Текст ошибки: Undefined array key "parent_id" | Файл: D:\domains\saleek\app\widgets\menu\Menu.php | Строка: 59
====================
[2022-12-01 11:10:03] Текст ошибки: Undefined array key "parent_id" | Файл: D:\domains\saleek\app\widgets\menu\Menu.php | Строка: 62
====================
[2022-12-01 11:10:03] Текст ошибки: Undefined array key "parent_id" | Файл: D:\domains\saleek\app\widgets\menu\Menu.php | Строка: 62
====================
[2022-12-01 11:10:03] Текст ошибки: Undefined array key "parent_id" | Файл: D:\domains\saleek\app\widgets\menu\Menu.php | Строка: 62
====================
[2022-12-01 11:10:03] Текст ошибки: Undefined array key "parent_id" | Файл: D:\domains\saleek\app\widgets\menu\Menu.php | Строка: 62
====================
[2022-12-01 11:10:03] Текст ошибки: Undefined array key "parent_id" | Файл: D:\domains\saleek\app\widgets\menu\Menu.php | Строка: 62
====================
[2022-12-01 11:10:03] Текст ошибки: Undefined array key "parent_id" | Файл: D:\domains\saleek\app\widgets\menu\Menu.php | Строка: 62
====================
[2022-12-01 11:10:03] Текст ошибки: Undefined array key "parent_id" | Файл: D:\domains\saleek\app\widgets\menu\Menu.php | Строка: 62
====================
[2022-12-01 11:10:03] Текст ошибки: Undefined array key "parent_id" | Файл: D:\domains\saleek\app\widgets\menu\Menu.php | Строка: 62
====================
[2022-12-01 11:10:03] Текст ошибки: Undefined array key "parent_id" | Файл: D:\domains\saleek\app\widgets\menu\Menu.php | Строка: 62
====================
[2022-12-01 11:10:03] Текст ошибки: Undefined array key "parent_id" | Файл: D:\domains\saleek\app\widgets\menu\Menu.php | Строка: 62
====================
[2022-12-01 11:10:03] Текст ошибки: Undefined array key "parent_id" | Файл: D:\domains\saleek\app\widgets\menu\Menu.php | Строка: 62
====================
[2022-12-01 11:10:03] Текст ошибки: Undefined array key "parent_id" | Файл: D:\domains\saleek\app\widgets\menu\Menu.php | Строка: 62
====================
[2022-12-01 11:10:03] Текст ошибки: Undefined array key "parent_id" | Файл: D:\domains\saleek\app\widgets\menu\Menu.php | Строка: 62
====================
[2022-12-01 11:10:03] Текст ошибки: Undefined array key "parent_id" | Файл: D:\domains\saleek\app\widgets\menu\Menu.php | Строка: 62
====================
[2022-12-01 11:10:03] Текст ошибки: Undefined array key "parent_id" | Файл: D:\domains\saleek\app\widgets\menu\Menu.php | Строка: 62
====================
[2022-12-01 11:10:03] Текст ошибки: Undefined array key "parent_id" | Файл: D:\domains\saleek\app\widgets\menu\Menu.php | Строка: 62
====================
[2022-12-01 11:10:03] Текст ошибки: Undefined array key "parent_id" | Файл: D:\domains\saleek\app\widgets\menu\Menu.php | Строка: 62
====================
[2022-12-01 11:10:03] Текст ошибки: Undefined array key "parent_id" | Файл: D:\domains\saleek\app\widgets\menu\Menu.php | Строка: 62
====================
[2022-12-01 11:10:03] Текст ошибки: Undefined array key "parent_id" | Файл: D:\domains\saleek\app\widgets\menu\Menu.php | Строка: 59
====================
[2022-12-01 11:10:04] Текст ошибки: Undefined array key "parent_id" | Файл: D:\domains\saleek\app\widgets\menu\Menu.php | Строка: 62
====================
[2022-12-01 11:10:04] Текст ошибки: Undefined array key "parent_id" | Файл: D:\domains\saleek\app\widgets\menu\Menu.php | Строка: 62
====================
[2022-12-01 11:10:04] Текст ошибки: Undefined array key "parent_id" | Файл: D:\domains\saleek\app\widgets\menu\Menu.php | Строка: 62
====================
[2022-12-01 11:10:04] Текст ошибки: Undefined array key "parent_id" | Файл: D:\domains\saleek\app\widgets\menu\Menu.php | Строка: 62
====================
[2022-12-01 11:10:04] Текст ошибки: Undefined array key "parent_id" | Файл: D:\domains\saleek\app\widgets\menu\Menu.php | Строка: 62
====================
[2022-12-01 11:10:04] Текст ошибки: Undefined array key "parent_id" | Файл: D:\domains\saleek\app\widgets\menu\Menu.php | Строка: 62
====================
[2022-12-01 11:10:04] Текст ошибки: Undefined array key "parent_id" | Файл: D:\domains\saleek\app\widgets\menu\Menu.php | Строка: 62
====================
[2022-12-01 11:10:04] Текст ошибки: Undefined array key "parent_id" | Файл: D:\domains\saleek\app\widgets\menu\Menu.php | Строка: 62
====================
[2022-12-01 11:10:04] Текст ошибки: Undefined array key "parent_id" | Файл: D:\domains\saleek\app\widgets\menu\Menu.php | Строка: 62
====================
[2022-12-01 11:10:04] Текст ошибки: Undefined array key "parent_id" | Файл: D:\domains\saleek\app\widgets\menu\Menu.php | Строка: 62
====================
[2022-12-01 11:10:04] Текст ошибки: Undefined array key "parent_id" | Файл: D:\domains\saleek\app\widgets\menu\Menu.php | Строка: 62
====================
[2022-12-01 11:10:04] Текст ошибки: Undefined array key "parent_id" | Файл: D:\domains\saleek\app\widgets\menu\Menu.php | Строка: 62
====================
[2022-12-01 11:10:04] Текст ошибки: Undefined array key "parent_id" | Файл: D:\domains\saleek\app\widgets\menu\Menu.php | Строка: 62
====================
[2022-12-01 11:10:04] Текст ошибки: Undefined array key "parent_id" | Файл: D:\domains\saleek\app\widgets\menu\Menu.php | Строка: 62
====================
[2022-12-01 11:10:04] Текст ошибки: Undefined array key "parent_id" | Файл: D:\domains\saleek\app\widgets\menu\Menu.php | Строка: 62
====================
[2022-12-01 11:10:04] Текст ошибки: Undefined array key "parent_id" | Файл: D:\domains\saleek\app\widgets\menu\Menu.php | Строка: 62
====================
[2022-12-01 11:10:04] Текст ошибки: Undefined array key "parent_id" | Файл: D:\domains\saleek\app\widgets\menu\Menu.php | Строка: 62
====================
[2022-12-01 11:10:04] Текст ошибки: Undefined array key "parent_id" | Файл: D:\domains\saleek\app\widgets\menu\Menu.php | Строка: 62
====================
[2022-12-01 11:10:04] Текст ошибки: Undefined array key "parent_id" | Файл: D:\domains\saleek\app\widgets\menu\Menu.php | Строка: 59
====================
[2022-12-01 11:11:20] Текст ошибки: Undefined array key "parent_id" | Файл: D:\domains\saleek\app\widgets\menu\Menu.php | Строка: 62
====================
[2022-12-01 11:11:20] Текст ошибки: Undefined array key "parent_id" | Файл: D:\domains\saleek\app\widgets\menu\Menu.php | Строка: 62
====================
[2022-12-01 11:11:20] Текст ошибки: Undefined array key "parent_id" | Файл: D:\domains\saleek\app\widgets\menu\Menu.php | Строка: 62
====================
[2022-12-01 11:11:20] Текст ошибки: Undefined array key "parent_id" | Файл: D:\domains\saleek\app\widgets\menu\Menu.php | Строка: 62
====================
[2022-12-01 11:11:20] Текст ошибки: Undefined array key "parent_id" | Файл: D:\domains\saleek\app\widgets\menu\Menu.php | Строка: 62
====================
[2022-12-01 11:11:20] Текст ошибки: Undefined array key "parent_id" | Файл: D:\domains\saleek\app\widgets\menu\Menu.php | Строка: 62
====================
[2022-12-01 11:11:20] Текст ошибки: Undefined array key "parent_id" | Файл: D:\domains\saleek\app\widgets\menu\Menu.php | Строка: 62
====================
[2022-12-01 11:11:20] Текст ошибки: Undefined array key "parent_id" | Файл: D:\domains\saleek\app\widgets\menu\Menu.php | Строка: 62
====================
[2022-12-01 11:11:20] Текст ошибки: Undefined array key "parent_id" | Файл: D:\domains\saleek\app\widgets\menu\Menu.php | Строка: 62
====================
[2022-12-01 11:11:20] Текст ошибки: Undefined array key "parent_id" | Файл: D:\domains\saleek\app\widgets\menu\Menu.php | Строка: 62
====================
[2022-12-01 11:11:20] Текст ошибки: Undefined array key "parent_id" | Файл: D:\domains\saleek\app\widgets\menu\Menu.php | Строка: 62
====================
[2022-12-01 11:11:20] Текст ошибки: Undefined array key "parent_id" | Файл: D:\domains\saleek\app\widgets\menu\Menu.php | Строка: 62
====================
[2022-12-01 11:11:20] Текст ошибки: Undefined array key "parent_id" | Файл: D:\domains\saleek\app\widgets\menu\Menu.php | Строка: 62
====================
[2022-12-01 11:11:20] Текст ошибки: Undefined array key "parent_id" | Файл: D:\domains\saleek\app\widgets\menu\Menu.php | Строка: 62
====================
[2022-12-01 11:11:20] Текст ошибки: Undefined array key "parent_id" | Файл: D:\domains\saleek\app\widgets\menu\Menu.php | Строка: 62
====================
[2022-12-01 11:11:20] Текст ошибки: Undefined array key "parent_id" | Файл: D:\domains\saleek\app\widgets\menu\Menu.php | Строка: 62
====================
[2022-12-01 11:11:20] Текст ошибки: Undefined array key "parent_id" | Файл: D:\domains\saleek\app\widgets\menu\Menu.php | Строка: 62
====================
[2022-12-01 11:11:20] Текст ошибки: Undefined array key "parent_id" | Файл: D:\domains\saleek\app\widgets\menu\Menu.php | Строка: 62
====================
[2022-12-01 11:11:20] Текст ошибки: Undefined array key "parent_id" | Файл: D:\domains\saleek\app\widgets\menu\Menu.php | Строка: 59
====================
[2022-12-01 11:11:55] Текст ошибки: Undefined array key "parent_id" | Файл: D:\domains\saleek\app\widgets\menu\Menu.php | Строка: 63
====================
[2022-12-01 11:11:55] Текст ошибки: Undefined array key "parent_id" | Файл: D:\domains\saleek\app\widgets\menu\Menu.php | Строка: 63
====================
[2022-12-01 11:11:55] Текст ошибки: Undefined array key "parent_id" | Файл: D:\domains\saleek\app\widgets\menu\Menu.php | Строка: 63
====================
[2022-12-01 11:11:55] Текст ошибки: Undefined array key "parent_id" | Файл: D:\domains\saleek\app\widgets\menu\Menu.php | Строка: 63
====================
[2022-12-01 11:11:55] Текст ошибки: Undefined array key "parent_id" | Файл: D:\domains\saleek\app\widgets\menu\Menu.php | Строка: 63
====================
[2022-12-01 11:11:55] Текст ошибки: Undefined array key "parent_id" | Файл: D:\domains\saleek\app\widgets\menu\Menu.php | Строка: 63
====================
[2022-12-01 11:11:55] Текст ошибки: Undefined array key "parent_id" | Файл: D:\domains\saleek\app\widgets\menu\Menu.php | Строка: 63
====================
[2022-12-01 11:11:55] Текст ошибки: Undefined array key "parent_id" | Файл: D:\domains\saleek\app\widgets\menu\Menu.php | Строка: 63
====================
[2022-12-01 11:11:55] Текст ошибки: Undefined array key "parent_id" | Файл: D:\domains\saleek\app\widgets\menu\Menu.php | Строка: 63
====================
[2022-12-01 11:11:55] Текст ошибки: Undefined array key "parent_id" | Файл: D:\domains\saleek\app\widgets\menu\Menu.php | Строка: 63
====================
[2022-12-01 11:11:55] Текст ошибки: Undefined array key "parent_id" | Файл: D:\domains\saleek\app\widgets\menu\Menu.php | Строка: 63
====================
[2022-12-01 11:11:55] Текст ошибки: Undefined array key "parent_id" | Файл: D:\domains\saleek\app\widgets\menu\Menu.php | Строка: 63
====================
[2022-12-01 11:11:55] Текст ошибки: Undefined array key "parent_id" | Файл: D:\domains\saleek\app\widgets\menu\Menu.php | Строка: 63
====================
[2022-12-01 11:11:55] Текст ошибки: Undefined array key "parent_id" | Файл: D:\domains\saleek\app\widgets\menu\Menu.php | Строка: 63
====================
[2022-12-01 11:11:55] Текст ошибки: Undefined array key "parent_id" | Файл: D:\domains\saleek\app\widgets\menu\Menu.php | Строка: 63
====================
[2022-12-01 11:11:55] Текст ошибки: Undefined array key "parent_id" | Файл: D:\domains\saleek\app\widgets\menu\Menu.php | Строка: 63
====================
[2022-12-01 11:11:55] Текст ошибки: Undefined array key "parent_id" | Файл: D:\domains\saleek\app\widgets\menu\Menu.php | Строка: 63
====================
[2022-12-01 11:11:55] Текст ошибки: Undefined array key "parent_id" | Файл: D:\domains\saleek\app\widgets\menu\Menu.php | Строка: 63
====================
[2022-12-01 11:12:08] Текст ошибки: Undefined array key "parent_id" | Файл: D:\domains\saleek\app\widgets\menu\Menu.php | Строка: 63
====================
[2022-12-01 11:12:08] Текст ошибки: Undefined array key "parent_id" | Файл: D:\domains\saleek\app\widgets\menu\Menu.php | Строка: 63
====================
[2022-12-01 11:12:08] Текст ошибки: Undefined array key "parent_id" | Файл: D:\domains\saleek\app\widgets\menu\Menu.php | Строка: 63
====================
[2022-12-01 11:12:08] Текст ошибки: Undefined array key "parent_id" | Файл: D:\domains\saleek\app\widgets\menu\Menu.php | Строка: 63
====================
[2022-12-01 11:12:08] Текст ошибки: Undefined array key "parent_id" | Файл: D:\domains\saleek\app\widgets\menu\Menu.php | Строка: 63
====================
[2022-12-01 11:12:08] Текст ошибки: Undefined array key "parent_id" | Файл: D:\domains\saleek\app\widgets\menu\Menu.php | Строка: 63
====================
[2022-12-01 11:12:08] Текст ошибки: Undefined array key "parent_id" | Файл: D:\domains\saleek\app\widgets\menu\Menu.php | Строка: 63
====================
[2022-12-01 11:12:08] Текст ошибки: Undefined array key "parent_id" | Файл: D:\domains\saleek\app\widgets\menu\Menu.php | Строка: 63
====================
[2022-12-01 11:12:08] Текст ошибки: Undefined array key "parent_id" | Файл: D:\domains\saleek\app\widgets\menu\Menu.php | Строка: 63
====================
[2022-12-01 11:12:08] Текст ошибки: Undefined array key "parent_id" | Файл: D:\domains\saleek\app\widgets\menu\Menu.php | Строка: 63
====================
[2022-12-01 11:12:08] Текст ошибки: Undefined array key "parent_id" | Файл: D:\domains\saleek\app\widgets\menu\Menu.php | Строка: 63
====================
[2022-12-01 11:12:08] Текст ошибки: Undefined array key "parent_id" | Файл: D:\domains\saleek\app\widgets\menu\Menu.php | Строка: 63
====================
[2022-12-01 11:12:08] Текст ошибки: Undefined array key "parent_id" | Файл: D:\domains\saleek\app\widgets\menu\Menu.php | Строка: 63
====================
[2022-12-01 11:12:08] Текст ошибки: Undefined array key "parent_id" | Файл: D:\domains\saleek\app\widgets\menu\Menu.php | Строка: 63
====================
[2022-12-01 11:12:08] Текст ошибки: Undefined array key "parent_id" | Файл: D:\domains\saleek\app\widgets\menu\Menu.php | Строка: 63
====================
[2022-12-01 11:12:08] Текст ошибки: Undefined array key "parent_id" | Файл: D:\domains\saleek\app\widgets\menu\Menu.php | Строка: 63
====================
[2022-12-01 11:12:08] Текст ошибки: Undefined array key "parent_id" | Файл: D:\domains\saleek\app\widgets\menu\Menu.php | Строка: 63
====================
[2022-12-01 11:12:08] Текст ошибки: Undefined array key "parent_id" | Файл: D:\domains\saleek\app\widgets\menu\Menu.php | Строка: 63
====================
[2022-12-01 11:12:10] Текст ошибки: Undefined array key "parent_id" | Файл: D:\domains\saleek\app\widgets\menu\Menu.php | Строка: 63
====================
[2022-12-01 11:12:10] Текст ошибки: Undefined array key "parent_id" | Файл: D:\domains\saleek\app\widgets\menu\Menu.php | Строка: 63
====================
[2022-12-01 11:12:10] Текст ошибки: Undefined array key "parent_id" | Файл: D:\domains\saleek\app\widgets\menu\Menu.php | Строка: 63
====================
[2022-12-01 11:12:10] Текст ошибки: Undefined array key "parent_id" | Файл: D:\domains\saleek\app\widgets\menu\Menu.php | Строка: 63
====================
[2022-12-01 11:12:10] Текст ошибки: Undefined array key "parent_id" | Файл: D:\domains\saleek\app\widgets\menu\Menu.php | Строка: 63
====================
[2022-12-01 11:12:10] Текст ошибки: Undefined array key "parent_id" | Файл: D:\domains\saleek\app\widgets\menu\Menu.php | Строка: 63
====================
[2022-12-01 11:12:10] Текст ошибки: Undefined array key "parent_id" | Файл: D:\domains\saleek\app\widgets\menu\Menu.php | Строка: 63
====================
[2022-12-01 11:12:10] Текст ошибки: Undefined array key "parent_id" | Файл: D:\domains\saleek\app\widgets\menu\Menu.php | Строка: 63
====================
[2022-12-01 11:12:10] Текст ошибки: Undefined array key "parent_id" | Файл: D:\domains\saleek\app\widgets\menu\Menu.php | Строка: 63
====================
[2022-12-01 11:12:10] Текст ошибки: Undefined array key "parent_id" | Файл: D:\domains\saleek\app\widgets\menu\Menu.php | Строка: 63
====================
[2022-12-01 11:12:10] Текст ошибки: Undefined array key "parent_id" | Файл: D:\domains\saleek\app\widgets\menu\Menu.php | Строка: 63
====================
[2022-12-01 11:12:10] Текст ошибки: Undefined array key "parent_id" | Файл: D:\domains\saleek\app\widgets\menu\Menu.php | Строка: 63
====================
[2022-12-01 11:12:10] Текст ошибки: Undefined array key "parent_id" | Файл: D:\domains\saleek\app\widgets\menu\Menu.php | Строка: 63
====================
[2022-12-01 11:12:10] Текст ошибки: Undefined array key "parent_id" | Файл: D:\domains\saleek\app\widgets\menu\Menu.php | Строка: 63
====================
[2022-12-01 11:12:10] Текст ошибки: Undefined array key "parent_id" | Файл: D:\domains\saleek\app\widgets\menu\Menu.php | Строка: 63
====================
[2022-12-01 11:12:10] Текст ошибки: Undefined array key "parent_id" | Файл: D:\domains\saleek\app\widgets\menu\Menu.php | Строка: 63
====================
[2022-12-01 11:12:10] Текст ошибки: Undefined array key "parent_id" | Файл: D:\domains\saleek\app\widgets\menu\Menu.php | Строка: 63
====================
[2022-12-01 11:12:10] Текст ошибки: Undefined array key "parent_id" | Файл: D:\domains\saleek\app\widgets\menu\Menu.php | Строка: 63
====================
[2022-12-01 11:12:10] Текст ошибки: Undefined array key "parent_id" | Файл: D:\domains\saleek\app\widgets\menu\Menu.php | Строка: 63
====================
[2022-12-01 11:12:10] Текст ошибки: Undefined array key "parent_id" | Файл: D:\domains\saleek\app\widgets\menu\Menu.php | Строка: 63
====================
[2022-12-01 11:12:10] Текст ошибки: Undefined array key "parent_id" | Файл: D:\domains\saleek\app\widgets\menu\Menu.php | Строка: 63
====================
[2022-12-01 11:12:10] Текст ошибки: Undefined array key "parent_id" | Файл: D:\domains\saleek\app\widgets\menu\Menu.php | Строка: 63
====================
[2022-12-01 11:12:10] Текст ошибки: Undefined array key "parent_id" | Файл: D:\domains\saleek\app\widgets\menu\Menu.php | Строка: 63
====================
[2022-12-01 11:12:10] Текст ошибки: Undefined array key "parent_id" | Файл: D:\domains\saleek\app\widgets\menu\Menu.php | Строка: 63
====================
[2022-12-01 11:12:10] Текст ошибки: Undefined array key "parent_id" | Файл: D:\domains\saleek\app\widgets\menu\Menu.php | Строка: 63
====================
[2022-12-01 11:12:10] Текст ошибки: Undefined array key "parent_id" | Файл: D:\domains\saleek\app\widgets\menu\Menu.php | Строка: 63
====================
[2022-12-01 11:12:10] Текст ошибки: Undefined array key "parent_id" | Файл: D:\domains\saleek\app\widgets\menu\Menu.php | Строка: 63
====================
[2022-12-01 11:12:10] Текст ошибки: Undefined array key "parent_id" | Файл: D:\domains\saleek\app\widgets\menu\Menu.php | Строка: 63
====================
[2022-12-01 11:12:10] Текст ошибки: Undefined array key "parent_id" | Файл: D:\domains\saleek\app\widgets\menu\Menu.php | Строка: 63
====================
[2022-12-01 11:12:10] Текст ошибки: Undefined array key "parent_id" | Файл: D:\domains\saleek\app\widgets\menu\Menu.php | Строка: 63
====================
[2022-12-01 11:12:10] Текст ошибки: Undefined array key "parent_id" | Файл: D:\domains\saleek\app\widgets\menu\Menu.php | Строка: 63
====================
[2022-12-01 11:12:10] Текст ошибки: Undefined array key "parent_id" | Файл: D:\domains\saleek\app\widgets\menu\Menu.php | Строка: 63
====================
[2022-12-01 11:12:10] Текст ошибки: Undefined array key "parent_id" | Файл: D:\domains\saleek\app\widgets\menu\Menu.php | Строка: 63
====================
[2022-12-01 11:12:10] Текст ошибки: Undefined array key "parent_id" | Файл: D:\domains\saleek\app\widgets\menu\Menu.php | Строка: 63
====================
[2022-12-01 11:12:10] Текст ошибки: Undefined array key "parent_id" | Файл: D:\domains\saleek\app\widgets\menu\Menu.php | Строка: 63
====================
[2022-12-01 11:12:10] Текст ошибки: Undefined array key "parent_id" | Файл: D:\domains\saleek\app\widgets\menu\Menu.php | Строка: 63
====================
[2022-12-01 11:12:10] Текст ошибки: Undefined array key "parent_id" | Файл: D:\domains\saleek\app\widgets\menu\Menu.php | Строка: 63
====================
[2022-12-01 11:12:10] Текст ошибки: Undefined array key "parent_id" | Файл: D:\domains\saleek\app\widgets\menu\Menu.php | Строка: 63
====================
[2022-12-01 11:12:10] Текст ошибки: Undefined array key "parent_id" | Файл: D:\domains\saleek\app\widgets\menu\Menu.php | Строка: 63
====================
[2022-12-01 11:12:10] Текст ошибки: Undefined array key "parent_id" | Файл: D:\domains\saleek\app\widgets\menu\Menu.php | Строка: 63
====================
[2022-12-01 11:12:10] Текст ошибки: Undefined array key "parent_id" | Файл: D:\domains\saleek\app\widgets\menu\Menu.php | Строка: 63
====================
[2022-12-01 11:12:10] Текст ошибки: Undefined array key "parent_id" | Файл: D:\domains\saleek\app\widgets\menu\Menu.php | Строка: 63
====================
[2022-12-01 11:12:10] Текст ошибки: Undefined array key "parent_id" | Файл: D:\domains\saleek\app\widgets\menu\Menu.php | Строка: 63
====================
[2022-12-01 11:12:10] Текст ошибки: Undefined array key "parent_id" | Файл: D:\domains\saleek\app\widgets\menu\Menu.php | Строка: 63
====================
[2022-12-01 11:12:10] Текст ошибки: Undefined array key "parent_id" | Файл: D:\domains\saleek\app\widgets\menu\Menu.php | Строка: 63
====================
[2022-12-01 11:12:10] Текст ошибки: Undefined array key "parent_id" | Файл: D:\domains\saleek\app\widgets\menu\Menu.php | Строка: 63
====================
[2022-12-01 11:12:10] Текст ошибки: Undefined array key "parent_id" | Файл: D:\domains\saleek\app\widgets\menu\Menu.php | Строка: 63
====================
[2022-12-01 11:12:10] Текст ошибки: Undefined array key "parent_id" | Файл: D:\domains\saleek\app\widgets\menu\Menu.php | Строка: 63
====================
[2022-12-01 11:12:10] Текст ошибки: Undefined array key "parent_id" | Файл: D:\domains\saleek\app\widgets\menu\Menu.php | Строка: 63
====================
[2022-12-01 11:12:10] Текст ошибки: Undefined array key "parent_id" | Файл: D:\domains\saleek\app\widgets\menu\Menu.php | Строка: 63
====================
[2022-12-01 11:12:10] Текст ошибки: Undefined array key "parent_id" | Файл: D:\domains\saleek\app\widgets\menu\Menu.php | Строка: 63
====================
[2022-12-01 11:12:10] Текст ошибки: Undefined array key "parent_id" | Файл: D:\domains\saleek\app\widgets\menu\Menu.php | Строка: 63
====================
[2022-12-01 11:12:10] Текст ошибки: Undefined array key "parent_id" | Файл: D:\domains\saleek\app\widgets\menu\Menu.php | Строка: 63
====================
[2022-12-01 11:12:10] Текст ошибки: Undefined array key "parent_id" | Файл: D:\domains\saleek\app\widgets\menu\Menu.php | Строка: 63
====================
[2022-12-01 11:12:23] Текст ошибки: Undefined array key "parent_id" | Файл: D:\domains\saleek\app\widgets\menu\Menu.php | Строка: 63
====================
[2022-12-01 11:12:23] Текст ошибки: Undefined array key "parent_id" | Файл: D:\domains\saleek\app\widgets\menu\Menu.php | Строка: 63
====================
[2022-12-01 11:12:23] Текст ошибки: Undefined array key "parent_id" | Файл: D:\domains\saleek\app\widgets\menu\Menu.php | Строка: 63
====================
[2022-12-01 11:12:23] Текст ошибки: Undefined array key "parent_id" | Файл: D:\domains\saleek\app\widgets\menu\Menu.php | Строка: 63
====================
[2022-12-01 11:12:23] Текст ошибки: Undefined array key "parent_id" | Файл: D:\domains\saleek\app\widgets\menu\Menu.php | Строка: 63
====================
[2022-12-01 11:12:23] Текст ошибки: Undefined array key "parent_id" | Файл: D:\domains\saleek\app\widgets\menu\Menu.php | Строка: 63
====================
[2022-12-01 11:12:23] Текст ошибки: Undefined array key "parent_id" | Файл: D:\domains\saleek\app\widgets\menu\Menu.php | Строка: 63
====================
[2022-12-01 11:12:23] Текст ошибки: Undefined array key "parent_id" | Файл: D:\domains\saleek\app\widgets\menu\Menu.php | Строка: 63
====================
[2022-12-01 11:12:23] Текст ошибки: Undefined array key "parent_id" | Файл: D:\domains\saleek\app\widgets\menu\Menu.php | Строка: 63
====================
[2022-12-01 11:12:23] Текст ошибки: Undefined array key "parent_id" | Файл: D:\domains\saleek\app\widgets\menu\Menu.php | Строка: 63
====================
[2022-12-01 11:12:23] Текст ошибки: Undefined array key "parent_id" | Файл: D:\domains\saleek\app\widgets\menu\Menu.php | Строка: 63
====================
[2022-12-01 11:12:23] Текст ошибки: Undefined array key "parent_id" | Файл: D:\domains\saleek\app\widgets\menu\Menu.php | Строка: 63
====================
[2022-12-01 11:12:23] Текст ошибки: Undefined array key "parent_id" | Файл: D:\domains\saleek\app\widgets\menu\Menu.php | Строка: 63
====================
[2022-12-01 11:12:23] Текст ошибки: Undefined array key "parent_id" | Файл: D:\domains\saleek\app\widgets\menu\Menu.php | Строка: 63
====================
[2022-12-01 11:12:23] Текст ошибки: Undefined array key "parent_id" | Файл: D:\domains\saleek\app\widgets\menu\Menu.php | Строка: 63
====================
[2022-12-01 11:12:23] Текст ошибки: Undefined array key "parent_id" | Файл: D:\domains\saleek\app\widgets\menu\Menu.php | Строка: 63
====================
[2022-12-01 11:12:23] Текст ошибки: Undefined array key "parent_id" | Файл: D:\domains\saleek\app\widgets\menu\Menu.php | Строка: 63
====================
[2022-12-01 11:12:23] Текст ошибки: Undefined array key "parent_id" | Файл: D:\domains\saleek\app\widgets\menu\Menu.php | Строка: 63
====================
[2022-12-01 11:12:31] Текст ошибки: Undefined array key "parent_id" | Файл: D:\domains\saleek\app\widgets\menu\Menu.php | Строка: 63
====================
[2022-12-01 11:12:31] Текст ошибки: Undefined array key "parent_id" | Файл: D:\domains\saleek\app\widgets\menu\Menu.php | Строка: 63
====================
[2022-12-01 11:12:31] Текст ошибки: Undefined array key "parent_id" | Файл: D:\domains\saleek\app\widgets\menu\Menu.php | Строка: 63
====================
[2022-12-01 11:12:31] Текст ошибки: Undefined array key "parent_id" | Файл: D:\domains\saleek\app\widgets\menu\Menu.php | Строка: 63
====================
[2022-12-01 11:12:31] Текст ошибки: Undefined array key "parent_id" | Файл: D:\domains\saleek\app\widgets\menu\Menu.php | Строка: 63
====================
[2022-12-01 11:12:31] Текст ошибки: Undefined array key "parent_id" | Файл: D:\domains\saleek\app\widgets\menu\Menu.php | Строка: 63
====================
[2022-12-01 11:12:31] Текст ошибки: Undefined array key "parent_id" | Файл: D:\domains\saleek\app\widgets\menu\Menu.php | Строка: 63
====================
[2022-12-01 11:12:31] Текст ошибки: Undefined array key "parent_id" | Файл: D:\domains\saleek\app\widgets\menu\Menu.php | Строка: 63
====================
[2022-12-01 11:12:31] Текст ошибки: Undefined array key "parent_id" | Файл: D:\domains\saleek\app\widgets\menu\Menu.php | Строка: 63
====================
[2022-12-01 11:12:31] Текст ошибки: Undefined array key "parent_id" | Файл: D:\domains\saleek\app\widgets\menu\Menu.php | Строка: 63
====================
[2022-12-01 11:12:31] Текст ошибки: Undefined array key "parent_id" | Файл: D:\domains\saleek\app\widgets\menu\Menu.php | Строка: 63
====================
[2022-12-01 11:12:31] Текст ошибки: Undefined array key "parent_id" | Файл: D:\domains\saleek\app\widgets\menu\Menu.php | Строка: 63
====================
[2022-12-01 11:12:31] Текст ошибки: Undefined array key "parent_id" | Файл: D:\domains\saleek\app\widgets\menu\Menu.php | Строка: 63
====================
[2022-12-01 11:12:31] Текст ошибки: Undefined array key "parent_id" | Файл: D:\domains\saleek\app\widgets\menu\Menu.php | Строка: 63
====================
[2022-12-01 11:12:31] Текст ошибки: Undefined array key "parent_id" | Файл: D:\domains\saleek\app\widgets\menu\Menu.php | Строка: 63
====================
[2022-12-01 11:12:31] Текст ошибки: Undefined array key "parent_id" | Файл: D:\domains\saleek\app\widgets\menu\Menu.php | Строка: 63
====================
[2022-12-01 11:12:31] Текст ошибки: Undefined array key "parent_id" | Файл: D:\domains\saleek\app\widgets\menu\Menu.php | Строка: 63
====================
[2022-12-01 11:12:31] Текст ошибки: Undefined array key "parent_id" | Файл: D:\domains\saleek\app\widgets\menu\Menu.php | Строка: 63
====================
[2022-12-01 11:12:50] Текст ошибки: Array to string conversion | Файл: D:\domains\saleek\app\widgets\menu\Menu.php | Строка: 63
====================
[2022-12-01 11:12:50] Текст ошибки: Array to string conversion | Файл: D:\domains\saleek\app\widgets\menu\Menu.php | Строка: 63
====================
[2022-12-01 11:12:50] Текст ошибки: Array to string conversion | Файл: D:\domains\saleek\app\widgets\menu\Menu.php | Строка: 63
====================
[2022-12-01 11:12:50] Текст ошибки: Array to string conversion | Файл: D:\domains\saleek\app\widgets\menu\Menu.php | Строка: 63
====================
[2022-12-01 11:12:50] Текст ошибки: Array to string conversion | Файл: D:\domains\saleek\app\widgets\menu\Menu.php | Строка: 63
====================
[2022-12-01 11:12:50] Текст ошибки: Array to string conversion | Файл: D:\domains\saleek\app\widgets\menu\Menu.php | Строка: 63
====================
[2022-12-01 11:12:50] Текст ошибки: Array to string conversion | Файл: D:\domains\saleek\app\widgets\menu\Menu.php | Строка: 63
====================
[2022-12-01 11:12:50] Текст ошибки: Array to string conversion | Файл: D:\domains\saleek\app\widgets\menu\Menu.php | Строка: 63
====================
[2022-12-01 11:12:50] Текст ошибки: Array to string conversion | Файл: D:\domains\saleek\app\widgets\menu\Menu.php | Строка: 63
====================
[2022-12-01 11:12:50] Текст ошибки: Array to string conversion | Файл: D:\domains\saleek\app\widgets\menu\Menu.php | Строка: 63
====================
[2022-12-01 11:12:50] Текст ошибки: Array to string conversion | Файл: D:\domains\saleek\app\widgets\menu\Menu.php | Строка: 63
====================
[2022-12-01 11:12:50] Текст ошибки: Array to string conversion | Файл: D:\domains\saleek\app\widgets\menu\Menu.php | Строка: 63
====================
[2022-12-01 11:12:50] Текст ошибки: Array to string conversion | Файл: D:\domains\saleek\app\widgets\menu\Menu.php | Строка: 63
====================
[2022-12-01 11:12:50] Текст ошибки: Array to string conversion | Файл: D:\domains\saleek\app\widgets\menu\Menu.php | Строка: 63
====================
[2022-12-01 11:12:50] Текст ошибки: Array to string conversion | Файл: D:\domains\saleek\app\widgets\menu\Menu.php | Строка: 63
====================
[2022-12-01 11:12:50] Текст ошибки: Array to string conversion | Файл: D:\domains\saleek\app\widgets\menu\Menu.php | Строка: 63
====================
[2022-12-01 11:12:50] Текст ошибки: Array to string conversion | Файл: D:\domains\saleek\app\widgets\menu\Menu.php | Строка: 63
====================
[2022-12-01 11:12:50] Текст ошибки: Array to string conversion | Файл: D:\domains\saleek\app\widgets\menu\Menu.php | Строка: 63
====================
[2022-12-01 11:29:55] Текст ошибки: Illegal offset type | Файл: D:\domains\saleek\vendor\core\Language.php | Строка: 26
====================
[2022-12-01 11:30:08] Текст ошибки: Illegal offset type | Файл: D:\domains\saleek\vendor\core\Language.php | Строка: 26
====================
[2022-12-01 11:32:07] Текст ошибки: Array to string conversion | Файл: D:\domains\saleek\app\widgets\menu\menu_tpl.php | Строка: 1
====================
[2022-12-01 11:32:07] Текст ошибки: Array to string conversion | Файл: D:\domains\saleek\app\widgets\menu\menu_tpl.php | Строка: 1
====================
[2022-12-01 11:32:07] Текст ошибки: Array to string conversion | Файл: D:\domains\saleek\app\widgets\menu\menu_tpl.php | Строка: 1
====================
[2022-12-01 11:32:07] Текст ошибки: Array to string conversion | Файл: D:\domains\saleek\app\widgets\menu\menu_tpl.php | Строка: 1
====================
[2022-12-01 11:34:38] Текст ошибки: syntax error, unexpected end of file | Файл: D:\domains\saleek\app\widgets\menu\menu_tpl.php | Строка: 2
====================
[2022-12-01 11:34:45] Текст ошибки: syntax error, unexpected end of file | Файл: D:\domains\saleek\app\widgets\menu\menu_tpl.php | Строка: 2
====================
[2022-12-01 11:35:29] Текст ошибки: Array to string conversion | Файл: D:\domains\saleek\app\widgets\menu\menu_tpl.php | Строка: 1
====================
[2022-12-01 11:35:29] Текст ошибки: Array to string conversion | Файл: D:\domains\saleek\app\widgets\menu\menu_tpl.php | Строка: 1
====================
[2022-12-01 11:35:29] Текст ошибки: Array to string conversion | Файл: D:\domains\saleek\app\widgets\menu\menu_tpl.php | Строка: 1
====================
[2022-12-01 11:35:29] Текст ошибки: Array to string conversion | Файл: D:\domains\saleek\app\widgets\menu\menu_tpl.php | Строка: 1
====================
[2022-12-01 11:35:47] Текст ошибки: Trying to access array offset on value of type int | Файл: D:\domains\saleek\app\widgets\menu\menu_tpl.php | Строка: 1
====================
[2022-12-01 11:35:47] Текст ошибки: Trying to access array offset on value of type int | Файл: D:\domains\saleek\app\widgets\menu\menu_tpl.php | Строка: 1
====================
[2022-12-01 11:35:47] Текст ошибки: Trying to access array offset on value of type int | Файл: D:\domains\saleek\app\widgets\menu\menu_tpl.php | Строка: 1
====================
[2022-12-01 11:35:47] Текст ошибки: Trying to access array offset on value of type int | Файл: D:\domains\saleek\app\widgets\menu\menu_tpl.php | Строка: 1
====================
[2022-12-01 11:37:30] Текст ошибки: syntax error, unexpected end of file, expecting "," or ";" | Файл: D:\domains\saleek\app\widgets\menu\menu_tpl.php | Строка: 2
====================
[2022-12-01 11:37:55] Текст ошибки: syntax error, unexpected token "echo", expecting "," or ";" | Файл: D:\domains\saleek\app\widgets\menu\menu_tpl.php | Строка: 1
====================
[2022-12-01 11:38:01] Текст ошибки: syntax error, unexpected token "<" | Файл: D:\domains\saleek\app\widgets\menu\menu_tpl.php | Строка: 1
====================
[2022-12-01 11:49:16] Текст ошибки: Cannot access offset of type string on string | Файл: D:\domains\saleek\app\widgets\menu\menu_tpl.php | Строка: 1
====================
[2022-12-01 11:50:58] Текст ошибки: Undefined array key 1 | Файл: D:\domains\saleek\app\widgets\menu\menu_tpl.php | Строка: 4
====================
[2022-12-01 11:50:58] Текст ошибки: foreach() argument must be of type array|object, null given | Файл: D:\domains\saleek\app\widgets\menu\Menu.php | Строка: 73
====================
[2022-12-01 11:50:58] Текст ошибки: Undefined array key 2 | Файл: D:\domains\saleek\app\widgets\menu\menu_tpl.php | Строка: 4
====================
[2022-12-01 11:50:58] Текст ошибки: foreach() argument must be of type array|object, null given | Файл: D:\domains\saleek\app\widgets\menu\Menu.php | Строка: 73
====================
[2022-12-01 11:50:58] Текст ошибки: Undefined array key 3 | Файл: D:\domains\saleek\app\widgets\menu\menu_tpl.php | Строка: 4
====================
[2022-12-01 11:50:58] Текст ошибки: foreach() argument must be of type array|object, null given | Файл: D:\domains\saleek\app\widgets\menu\Menu.php | Строка: 73
====================
[2022-12-01 11:50:58] Текст ошибки: Undefined array key 4 | Файл: D:\domains\saleek\app\widgets\menu\menu_tpl.php | Строка: 4
====================
[2022-12-01 11:50:58] Текст ошибки: foreach() argument must be of type array|object, null given | Файл: D:\domains\saleek\app\widgets\menu\Menu.php | Строка: 73
====================
[2022-12-01 11:51:26] Текст ошибки: Undefined array key "children" | Файл: D:\domains\saleek\app\widgets\menu\menu_tpl.php | Строка: 4
====================
[2022-12-01 11:51:26] Текст ошибки: foreach() argument must be of type array|object, null given | Файл: D:\domains\saleek\app\widgets\menu\Menu.php | Строка: 73
====================
[2022-12-01 11:51:26] Текст ошибки: Undefined array key "children" | Файл: D:\domains\saleek\app\widgets\menu\menu_tpl.php | Строка: 4
====================
[2022-12-01 11:51:26] Текст ошибки: foreach() argument must be of type array|object, null given | Файл: D:\domains\saleek\app\widgets\menu\Menu.php | Строка: 73
====================
[2022-12-01 11:51:26] Текст ошибки: Undefined array key "children" | Файл: D:\domains\saleek\app\widgets\menu\menu_tpl.php | Строка: 4
====================
[2022-12-01 11:51:26] Текст ошибки: foreach() argument must be of type array|object, null given | Файл: D:\domains\saleek\app\widgets\menu\Menu.php | Строка: 73
====================
[2022-12-01 11:51:26] Текст ошибки: Undefined array key "children" | Файл: D:\domains\saleek\app\widgets\menu\menu_tpl.php | Строка: 4
====================
[2022-12-01 11:51:26] Текст ошибки: foreach() argument must be of type array|object, null given | Файл: D:\domains\saleek\app\widgets\menu\Menu.php | Строка: 73
====================
[2022-12-01 11:51:32] Текст ошибки: Undefined array key "children_id" | Файл: D:\domains\saleek\app\widgets\menu\menu_tpl.php | Строка: 1
====================
[2022-12-01 11:51:32] Текст ошибки: Undefined array key "children_id" | Файл: D:\domains\saleek\app\widgets\menu\menu_tpl.php | Строка: 3
====================
[2022-12-01 11:51:32] Текст ошибки: Undefined array key "children_id" | Файл: D:\domains\saleek\app\widgets\menu\menu_tpl.php | Строка: 1
====================
[2022-12-01 11:51:32] Текст ошибки: Undefined array key "children_id" | Файл: D:\domains\saleek\app\widgets\menu\menu_tpl.php | Строка: 3
====================
[2022-12-01 11:51:32] Текст ошибки: Undefined array key "children_id" | Файл: D:\domains\saleek\app\widgets\menu\menu_tpl.php | Строка: 1
====================
[2022-12-01 11:51:32] Текст ошибки: Undefined array key "children_id" | Файл: D:\domains\saleek\app\widgets\menu\menu_tpl.php | Строка: 3
====================
[2022-12-01 11:51:32] Текст ошибки: Undefined array key "children_id" | Файл: D:\domains\saleek\app\widgets\menu\menu_tpl.php | Строка: 1
====================
[2022-12-01 11:51:32] Текст ошибки: Undefined array key "children_id" | Файл: D:\domains\saleek\app\widgets\menu\menu_tpl.php | Строка: 3
====================
[2022-12-01 11:51:32] Текст ошибки: Undefined array key "children_id" | Файл: D:\domains\saleek\app\widgets\menu\menu_tpl.php | Строка: 1
====================
[2022-12-01 11:51:32] Текст ошибки: Undefined array key "children_id" | Файл: D:\domains\saleek\app\widgets\menu\menu_tpl.php | Строка: 3
====================
[2022-12-01 11:51:32] Текст ошибки: Undefined array key "children_id" | Файл: D:\domains\saleek\app\widgets\menu\menu_tpl.php | Строка: 1
====================
[2022-12-01 11:51:32] Текст ошибки: Undefined array key "children_id" | Файл: D:\domains\saleek\app\widgets\menu\menu_tpl.php | Строка: 3
====================
[2022-12-01 11:51:32] Текст ошибки: Undefined array key "children_id" | Файл: D:\domains\saleek\app\widgets\menu\menu_tpl.php | Строка: 1
====================
[2022-12-01 11:51:32] Текст ошибки: Undefined array key "children_id" | Файл: D:\domains\saleek\app\widgets\menu\menu_tpl.php | Строка: 3
====================
[2022-12-01 11:51:32] Текст ошибки: Undefined array key "children_id" | Файл: D:\domains\saleek\app\widgets\menu\menu_tpl.php | Строка: 1
====================
[2022-12-01 11:51:32] Текст ошибки: Undefined array key "children_id" | Файл: D:\domains\saleek\app\widgets\menu\menu_tpl.php | Строка: 3
====================
[2022-12-01 11:51:32] Текст ошибки: Undefined array key "children_id" | Файл: D:\domains\saleek\app\widgets\menu\menu_tpl.php | Строка: 1
====================
[2022-12-01 11:51:32] Текст ошибки: Undefined array key "children_id" | Файл: D:\domains\saleek\app\widgets\menu\menu_tpl.php | Строка: 3
====================
[2022-12-01 11:51:32] Текст ошибки: Undefined array key "children_id" | Файл: D:\domains\saleek\app\widgets\menu\menu_tpl.php | Строка: 1
====================
[2022-12-01 11:51:32] Текст ошибки: Undefined array key "children_id" | Файл: D:\domains\saleek\app\widgets\menu\menu_tpl.php | Строка: 3
====================
[2022-12-01 11:51:32] Текст ошибки: Undefined array key "children_id" | Файл: D:\domains\saleek\app\widgets\menu\menu_tpl.php | Строка: 1
====================
[2022-12-01 11:51:32] Текст ошибки: Undefined array key "children_id" | Файл: D:\domains\saleek\app\widgets\menu\menu_tpl.php | Строка: 3
====================
[2022-12-01 11:51:32] Текст ошибки: Undefined array key "children_id" | Файл: D:\domains\saleek\app\widgets\menu\menu_tpl.php | Строка: 1
====================
[2022-12-01 11:51:32] Текст ошибки: Undefined array key "children_id" | Файл: D:\domains\saleek\app\widgets\menu\menu_tpl.php | Строка: 3
====================
[2022-12-01 11:51:32] Текст ошибки: Undefined array key "children_id" | Файл: D:\domains\saleek\app\widgets\menu\menu_tpl.php | Строка: 1
====================
[2022-12-01 11:51:32] Текст ошибки: Undefined array key "children_id" | Файл: D:\domains\saleek\app\widgets\menu\menu_tpl.php | Строка: 3
====================
[2022-12-01 11:51:32] Текст ошибки: Undefined array key "children_id" | Файл: D:\domains\saleek\app\widgets\menu\menu_tpl.php | Строка: 1
====================
[2022-12-01 11:51:32] Текст ошибки: Undefined array key "children_id" | Файл: D:\domains\saleek\app\widgets\menu\menu_tpl.php | Строка: 3
====================
[2022-12-01 11:51:32] Текст ошибки: Undefined array key "children_id" | Файл: D:\domains\saleek\app\widgets\menu\menu_tpl.php | Строка: 1
====================
[2022-12-01 11:51:32] Текст ошибки: Undefined array key "children_id" | Файл: D:\domains\saleek\app\widgets\menu\menu_tpl.php | Строка: 3
====================
[2022-12-01 11:51:32] Текст ошибки: Undefined array key "children_id" | Файл: D:\domains\saleek\app\widgets\menu\menu_tpl.php | Строка: 1
====================
[2022-12-01 11:51:32] Текст ошибки: Undefined array key "children_id" | Файл: D:\domains\saleek\app\widgets\menu\menu_tpl.php | Строка: 3
====================
[2022-12-01 11:51:32] Текст ошибки: Undefined array key "children_id" | Файл: D:\domains\saleek\app\widgets\menu\menu_tpl.php | Строка: 1
====================
[2022-12-01 11:51:32] Текст ошибки: Undefined array key "children_id" | Файл: D:\domains\saleek\app\widgets\menu\menu_tpl.php | Строка: 3
====================
[2022-12-01 11:51:32] Текст ошибки: Undefined array key "children_id" | Файл: D:\domains\saleek\app\widgets\menu\menu_tpl.php | Строка: 1
====================
[2022-12-01 11:51:32] Текст ошибки: Undefined array key "children_id" | Файл: D:\domains\saleek\app\widgets\menu\menu_tpl.php | Строка: 3
====================
[2022-12-01 11:52:30] Текст ошибки: Undefined array key "children_id" | Файл: D:\domains\saleek\app\widgets\menu\menu_tpl.php | Строка: 1
====================
[2022-12-01 11:52:30] Текст ошибки: Undefined array key "children_id" | Файл: D:\domains\saleek\app\widgets\menu\menu_tpl.php | Строка: 3
====================
[2022-12-01 11:52:30] Текст ошибки: Undefined array key "children_id" | Файл: D:\domains\saleek\app\widgets\menu\menu_tpl.php | Строка: 1
====================
[2022-12-01 11:52:30] Текст ошибки: Undefined array key "children_id" | Файл: D:\domains\saleek\app\widgets\menu\menu_tpl.php | Строка: 3
====================
[2022-12-01 11:52:30] Текст ошибки: Undefined array key "children_id" | Файл: D:\domains\saleek\app\widgets\menu\menu_tpl.php | Строка: 1
====================
[2022-12-01 11:52:30] Текст ошибки: Undefined array key "children_id" | Файл: D:\domains\saleek\app\widgets\menu\menu_tpl.php | Строка: 3
====================
[2022-12-01 11:52:30] Текст ошибки: Undefined array key "children_id" | Файл: D:\domains\saleek\app\widgets\menu\menu_tpl.php | Строка: 1
====================
[2022-12-01 11:52:30] Текст ошибки: Undefined array key "children_id" | Файл: D:\domains\saleek\app\widgets\menu\menu_tpl.php | Строка: 3
====================
[2022-12-01 11:52:30] Текст ошибки: Undefined array key "children_id" | Файл: D:\domains\saleek\app\widgets\menu\menu_tpl.php | Строка: 1
====================
[2022-12-01 11:52:30] Текст ошибки: Undefined array key "children_id" | Файл: D:\domains\saleek\app\widgets\menu\menu_tpl.php | Строка: 3
====================
[2022-12-01 11:52:30] Текст ошибки: Undefined array key "children_id" | Файл: D:\domains\saleek\app\widgets\menu\menu_tpl.php | Строка: 1
====================
[2022-12-01 11:52:30] Текст ошибки: Undefined array key "children_id" | Файл: D:\domains\saleek\app\widgets\menu\menu_tpl.php | Строка: 3
====================
[2022-12-01 11:52:30] Текст ошибки: Undefined array key "children_id" | Файл: D:\domains\saleek\app\widgets\menu\menu_tpl.php | Строка: 1
====================
[2022-12-01 11:52:30] Текст ошибки: Undefined array key "children_id" | Файл: D:\domains\saleek\app\widgets\menu\menu_tpl.php | Строка: 3
====================
[2022-12-01 11:52:30] Текст ошибки: Undefined array key "children_id" | Файл: D:\domains\saleek\app\widgets\menu\menu_tpl.php | Строка: 1
====================
[2022-12-01 11:52:30] Текст ошибки: Undefined array key "children_id" | Файл: D:\domains\saleek\app\widgets\menu\menu_tpl.php | Строка: 3
====================
[2022-12-01 11:52:30] Текст ошибки: Undefined array key "children_id" | Файл: D:\domains\saleek\app\widgets\menu\menu_tpl.php | Строка: 1
====================
[2022-12-01 11:52:30] Текст ошибки: Undefined array key "children_id" | Файл: D:\domains\saleek\app\widgets\menu\menu_tpl.php | Строка: 3
====================
[2022-12-01 11:52:30] Текст ошибки: Undefined array key "children_id" | Файл: D:\domains\saleek\app\widgets\menu\menu_tpl.php | Строка: 1
====================
[2022-12-01 11:52:30] Текст ошибки: Undefined array key "children_id" | Файл: D:\domains\saleek\app\widgets\menu\menu_tpl.php | Строка: 3
====================
[2022-12-01 11:52:30] Текст ошибки: Undefined array key "children_id" | Файл: D:\domains\saleek\app\widgets\menu\menu_tpl.php | Строка: 1
====================
[2022-12-01 11:52:30] Текст ошибки: Undefined array key "children_id" | Файл: D:\domains\saleek\app\widgets\menu\menu_tpl.php | Строка: 3
====================
[2022-12-01 11:52:30] Текст ошибки: Undefined array key "children_id" | Файл: D:\domains\saleek\app\widgets\menu\menu_tpl.php | Строка: 1
====================
[2022-12-01 11:52:30] Текст ошибки: Undefined array key "children_id" | Файл: D:\domains\saleek\app\widgets\menu\menu_tpl.php | Строка: 3
====================
[2022-12-01 11:52:30] Текст ошибки: Undefined array key "children_id" | Файл: D:\domains\saleek\app\widgets\menu\menu_tpl.php | Строка: 1
====================
[2022-12-01 11:52:30] Текст ошибки: Undefined array key "children_id" | Файл: D:\domains\saleek\app\widgets\menu\menu_tpl.php | Строка: 3
====================
[2022-12-01 11:52:30] Текст ошибки: Undefined array key "children_id" | Файл: D:\domains\saleek\app\widgets\menu\menu_tpl.php | Строка: 1
====================
[2022-12-01 11:52:30] Текст ошибки: Undefined array key "children_id" | Файл: D:\domains\saleek\app\widgets\menu\menu_tpl.php | Строка: 3
====================
[2022-12-01 11:52:30] Текст ошибки: Undefined array key "children_id" | Файл: D:\domains\saleek\app\widgets\menu\menu_tpl.php | Строка: 1
====================
[2022-12-01 11:52:30] Текст ошибки: Undefined array key "children_id" | Файл: D:\domains\saleek\app\widgets\menu\menu_tpl.php | Строка: 3
====================
[2022-12-01 11:52:30] Текст ошибки: Undefined array key "children_id" | Файл: D:\domains\saleek\app\widgets\menu\menu_tpl.php | Строка: 1
====================
[2022-12-01 11:52:30] Текст ошибки: Undefined array key "children_id" | Файл: D:\domains\saleek\app\widgets\menu\menu_tpl.php | Строка: 3
====================
[2022-12-01 11:52:30] Текст ошибки: Undefined array key "children_id" | Файл: D:\domains\saleek\app\widgets\menu\menu_tpl.php | Строка: 1
====================
[2022-12-01 11:52:30] Текст ошибки: Undefined array key "children_id" | Файл: D:\domains\saleek\app\widgets\menu\menu_tpl.php | Строка: 3
====================
[2022-12-01 11:52:30] Текст ошибки: Undefined array key "children_id" | Файл: D:\domains\saleek\app\widgets\menu\menu_tpl.php | Строка: 1
====================
[2022-12-01 11:52:30] Текст ошибки: Undefined array key "children_id" | Файл: D:\domains\saleek\app\widgets\menu\menu_tpl.php | Строка: 3
====================
[2022-12-01 11:54:01] Текст ошибки: Undefined array key "children_id" | Файл: D:\domains\saleek\app\widgets\menu\menu_tpl.php | Строка: 1
====================
[2022-12-01 11:54:01] Текст ошибки: Undefined array key "children_id" | Файл: D:\domains\saleek\app\widgets\menu\menu_tpl.php | Строка: 3
====================
[2022-12-01 11:54:01] Текст ошибки: Undefined array key "children_id" | Файл: D:\domains\saleek\app\widgets\menu\menu_tpl.php | Строка: 1
====================
[2022-12-01 11:54:01] Текст ошибки: Undefined array key "children_id" | Файл: D:\domains\saleek\app\widgets\menu\menu_tpl.php | Строка: 3
====================
[2022-12-01 11:54:01] Текст ошибки: Undefined array key "children_id" | Файл: D:\domains\saleek\app\widgets\menu\menu_tpl.php | Строка: 1
====================
[2022-12-01 11:54:01] Текст ошибки: Undefined array key "children_id" | Файл: D:\domains\saleek\app\widgets\menu\menu_tpl.php | Строка: 3
====================
[2022-12-01 11:54:01] Текст ошибки: Undefined array key "children_id" | Файл: D:\domains\saleek\app\widgets\menu\menu_tpl.php | Строка: 1
====================
[2022-12-01 11:54:01] Текст ошибки: Undefined array key "children_id" | Файл: D:\domains\saleek\app\widgets\menu\menu_tpl.php | Строка: 3
====================
[2022-12-01 11:54:01] Текст ошибки: Undefined array key "children_id" | Файл: D:\domains\saleek\app\widgets\menu\menu_tpl.php | Строка: 1
====================
[2022-12-01 11:54:01] Текст ошибки: Undefined array key "children_id" | Файл: D:\domains\saleek\app\widgets\menu\menu_tpl.php | Строка: 3
====================
[2022-12-01 11:54:01] Текст ошибки: Undefined array key "children_id" | Файл: D:\domains\saleek\app\widgets\menu\menu_tpl.php | Строка: 1
====================
[2022-12-01 11:54:01] Текст ошибки: Undefined array key "children_id" | Файл: D:\domains\saleek\app\widgets\menu\menu_tpl.php | Строка: 3
====================
[2022-12-01 11:54:01] Текст ошибки: Undefined array key "children_id" | Файл: D:\domains\saleek\app\widgets\menu\menu_tpl.php | Строка: 1
====================
[2022-12-01 11:54:01] Текст ошибки: Undefined array key "children_id" | Файл: D:\domains\saleek\app\widgets\menu\menu_tpl.php | Строка: 3
====================
[2022-12-01 11:54:01] Текст ошибки: Undefined array key "children_id" | Файл: D:\domains\saleek\app\widgets\menu\menu_tpl.php | Строка: 1
====================
[2022-12-01 11:54:01] Текст ошибки: Undefined array key "children_id" | Файл: D:\domains\saleek\app\widgets\menu\menu_tpl.php | Строка: 3
====================
[2022-12-01 11:54:01] Текст ошибки: Undefined array key "children_id" | Файл: D:\domains\saleek\app\widgets\menu\menu_tpl.php | Строка: 1
====================
[2022-12-01 11:54:01] Текст ошибки: Undefined array key "children_id" | Файл: D:\domains\saleek\app\widgets\menu\menu_tpl.php | Строка: 3
====================
[2022-12-01 11:54:01] Текст ошибки: Undefined array key "children_id" | Файл: D:\domains\saleek\app\widgets\menu\menu_tpl.php | Строка: 1
====================
[2022-12-01 11:54:01] Текст ошибки: Undefined array key "children_id" | Файл: D:\domains\saleek\app\widgets\menu\menu_tpl.php | Строка: 3
====================
[2022-12-01 11:54:01] Текст ошибки: Undefined array key "children_id" | Файл: D:\domains\saleek\app\widgets\menu\menu_tpl.php | Строка: 1
====================
[2022-12-01 11:54:01] Текст ошибки: Undefined array key "children_id" | Файл: D:\domains\saleek\app\widgets\menu\menu_tpl.php | Строка: 3
====================
[2022-12-01 11:54:01] Текст ошибки: Undefined array key "children_id" | Файл: D:\domains\saleek\app\widgets\menu\menu_tpl.php | Строка: 1
====================
[2022-12-01 11:54:01] Текст ошибки: Undefined array key "children_id" | Файл: D:\domains\saleek\app\widgets\menu\menu_tpl.php | Строка: 3
====================
[2022-12-01 11:54:01] Текст ошибки: Undefined array key "children_id" | Файл: D:\domains\saleek\app\widgets\menu\menu_tpl.php | Строка: 1
====================
[2022-12-01 11:54:01] Текст ошибки: Undefined array key "children_id" | Файл: D:\domains\saleek\app\widgets\menu\menu_tpl.php | Строка: 3
====================
[2022-12-01 11:54:01] Текст ошибки: Undefined array key "children_id" | Файл: D:\domains\saleek\app\widgets\menu\menu_tpl.php | Строка: 1
====================
[2022-12-01 11:54:01] Текст ошибки: Undefined array key "children_id" | Файл: D:\domains\saleek\app\widgets\menu\menu_tpl.php | Строка: 3
====================
[2022-12-01 11:54:01] Текст ошибки: Undefined array key "children_id" | Файл: D:\domains\saleek\app\widgets\menu\menu_tpl.php | Строка: 1
====================
[2022-12-01 11:54:01] Текст ошибки: Undefined array key "children_id" | Файл: D:\domains\saleek\app\widgets\menu\menu_tpl.php | Строка: 3
====================
[2022-12-01 11:54:01] Текст ошибки: Undefined array key "children_id" | Файл: D:\domains\saleek\app\widgets\menu\menu_tpl.php | Строка: 1
====================
[2022-12-01 11:54:01] Текст ошибки: Undefined array key "children_id" | Файл: D:\domains\saleek\app\widgets\menu\menu_tpl.php | Строка: 3
====================
[2022-12-01 11:54:01] Текст ошибки: Undefined array key "children_id" | Файл: D:\domains\saleek\app\widgets\menu\menu_tpl.php | Строка: 1
====================
[2022-12-01 11:54:01] Текст ошибки: Undefined array key "children_id" | Файл: D:\domains\saleek\app\widgets\menu\menu_tpl.php | Строка: 3
====================
[2022-12-01 11:54:01] Текст ошибки: Undefined array key "children_id" | Файл: D:\domains\saleek\app\widgets\menu\menu_tpl.php | Строка: 1
====================
[2022-12-01 11:54:01] Текст ошибки: Undefined array key "children_id" | Файл: D:\domains\saleek\app\widgets\menu\menu_tpl.php | Строка: 3
====================
[2022-12-01 12:03:46] Текст ошибки: syntax error, unexpected variable "$this" | Файл: D:\domains\saleek\app\widgets\menu\Menu.php | Строка: 52
====================
[2022-12-01 12:04:07] Текст ошибки: Undefined array key "children_id" | Файл: D:\domains\saleek\app\widgets\menu\Menu.php | Строка: 51
====================
[2022-12-01 12:15:57] Текст ошибки: Undefined array key "id" | Файл: D:\domains\saleek\app\widgets\menu\menu_tpl.php | Строка: 6
====================
[2022-12-01 12:15:57] Текст ошибки: foreach() argument must be of type array|object, null given | Файл: D:\domains\saleek\app\widgets\menu\Menu.php | Строка: 73
====================
[2022-12-01 12:15:57] Текст ошибки: Undefined array key "id" | Файл: D:\domains\saleek\app\widgets\menu\menu_tpl.php | Строка: 6
====================
[2022-12-01 12:15:57] Текст ошибки: foreach() argument must be of type array|object, null given | Файл: D:\domains\saleek\app\widgets\menu\Menu.php | Строка: 73
====================
[2022-12-01 12:15:57] Текст ошибки: Undefined array key "id" | Файл: D:\domains\saleek\app\widgets\menu\menu_tpl.php | Строка: 6
====================
[2022-12-01 12:15:57] Текст ошибки: foreach() argument must be of type array|object, null given | Файл: D:\domains\saleek\app\widgets\menu\Menu.php | Строка: 73
====================
[2022-12-01 12:15:57] Текст ошибки: Undefined array key "id" | Файл: D:\domains\saleek\app\widgets\menu\menu_tpl.php | Строка: 6
====================
[2022-12-01 12:15:57] Текст ошибки: foreach() argument must be of type array|object, null given | Файл: D:\domains\saleek\app\widgets\menu\Menu.php | Строка: 73
====================
[2022-12-01 12:16:27] Текст ошибки: Undefined array key 1 | Файл: D:\domains\saleek\app\widgets\menu\menu_tpl.php | Строка: 6
====================
[2022-12-01 12:16:27] Текст ошибки: foreach() argument must be of type array|object, null given | Файл: D:\domains\saleek\app\widgets\menu\Menu.php | Строка: 73
====================
[2022-12-01 12:16:27] Текст ошибки: Undefined array key 2 | Файл: D:\domains\saleek\app\widgets\menu\menu_tpl.php | Строка: 6
====================
[2022-12-01 12:16:27] Текст ошибки: foreach() argument must be of type array|object, null given | Файл: D:\domains\saleek\app\widgets\menu\Menu.php | Строка: 73
====================
[2022-12-01 12:16:27] Текст ошибки: Undefined array key 3 | Файл: D:\domains\saleek\app\widgets\menu\menu_tpl.php | Строка: 6
====================
[2022-12-01 12:16:27] Текст ошибки: foreach() argument must be of type array|object, null given | Файл: D:\domains\saleek\app\widgets\menu\Menu.php | Строка: 73
====================
[2022-12-01 12:16:27] Текст ошибки: Undefined array key 4 | Файл: D:\domains\saleek\app\widgets\menu\menu_tpl.php | Строка: 6
====================
[2022-12-01 12:16:27] Текст ошибки: foreach() argument must be of type array|object, null given | Файл: D:\domains\saleek\app\widgets\menu\Menu.php | Строка: 73
====================
[2022-12-01 12:27:23] Текст ошибки: syntax error, unexpected token "echo" | Файл: D:\domains\saleek\app\widgets\menu\Menu.php | Строка: 30
====================
[2022-12-01 13:48:06] Текст ошибки: Array to string conversion | Файл: D:\domains\saleek\app\widgets\menu\Menu.php | Строка: 53
====================
[2022-12-01 13:48:06] Текст ошибки: file_put_contents(D:\domains\saleek/tmp/cache/9542e4f63fe785c483f0a8f77980cafa.txt): Failed to open stream: No such file or directory | Файл: D:\domains\saleek\vendor\core\Cache.php | Строка: 13
====================
[2022-12-01 13:50:08] Текст ошибки: Array to string conversion | Файл: D:\domains\saleek\app\widgets\menu\Menu.php | Строка: 52
====================
[2022-12-01 13:50:08] Текст ошибки: file_put_contents(D:\domains\saleek/tmp/cache/9542e4f63fe785c483f0a8f77980cafa.txt): Failed to open stream: No such file or directory | Файл: D:\domains\saleek\vendor\core\Cache.php | Строка: 13
====================
[2022-12-01 13:50:36] Текст ошибки: file_put_contents(D:\domains\saleek/tmp/cache/bae0413ec1654e232fb8cadea83cd285.txt): Failed to open stream: No such file or directory | Файл: D:\domains\saleek\vendor\core\Cache.php | Строка: 13
====================
[2022-12-01 13:51:40] Текст ошибки: Cannot access offset of type string on string | Файл: D:\domains\saleek\vendor\core\Cache.php | Строка: 25
====================
[2022-12-01 13:51:41] Текст ошибки: Cannot access offset of type string on string | Файл: D:\domains\saleek\vendor\core\Cache.php | Строка: 25
====================
[2022-12-01 13:51:49] Текст ошибки: Cannot access offset of type string on string | Файл: D:\domains\saleek\vendor\core\Cache.php | Строка: 25
====================
[2022-12-01 13:51:50] Текст ошибки: Cannot access offset of type string on string | Файл: D:\domains\saleek\vendor\core\Cache.php | Строка: 25
====================
[2022-12-01 13:51:50] Текст ошибки: Cannot access offset of type string on string | Файл: D:\domains\saleek\vendor\core\Cache.php | Строка: 25
====================
[2022-12-01 13:51:54] Текст ошибки: Cannot access offset of type string on string | Файл: D:\domains\saleek\vendor\core\Cache.php | Строка: 25
====================
[2022-12-01 13:54:11] Текст ошибки: Cannot access offset of type string on string | Файл: D:\domains\saleek\vendor\core\Cache.php | Строка: 25
====================
[2022-12-01 14:04:29] Текст ошибки: unserialize(): Error at offset 18 of 2254 bytes | Файл: D:\domains\saleek\vendor\core\Cache.php | Строка: 24
====================
[2022-12-01 14:04:29] Текст ошибки: Trying to access array offset on value of type bool | Файл: D:\domains\saleek\vendor\core\Cache.php | Строка: 25
====================
